04/26/23 9:06:00: style.scss - Undefined mixin media-breakpoint-up: partials/_menu.scss on line 6, at column 5
Call Stack:
#0 import partials/_menu.scss style.scss on line 3
04/26/23 9:51:07: style.scss - Undefined mixin global-font: partials/_global.scss on line 23, at column 5
Call Stack:
#0 import partials/_global.scss style.scss on line 1
04/26/23 9:53:08: style.scss - Undefined mixin global-font: partials/_global.scss on line 23, at column 5
Call Stack:
#0 import partials/_global.scss style.scss on line 1
04/27/23 12:56:05: style.scss - Only 1 argument allowed, but 2 were passed.: partials/_elements.scss on line 76, at column 5
Call Stack:
#0 import partials/_elements.scss style.scss on line 3
04/27/23 12:56:10: style.scss - Only 1 argument allowed, but 2 were passed.: partials/_elements.scss on line 76, at column 5
Call Stack:
#0 import partials/_elements.scss style.scss on line 3
09/27/23 2:46:29: style.scss - `partials/home/_featured` file not found for @import: style.scss on line 9, at column 1
09/27/23 4:18:32: style.scss - `partials/home/_hero` file not found for @import: style.scss on line 8, at column 1
09/27/23 4:20:33: style.scss - `partials/home/_hero` file not found for @import: style.scss on line 8, at column 1
12/31/23 3:50:14: style.scss - `partials/home-page/_home-hero` file not found for @import: style.scss on line 9, at column 1
12/31/23 3:51:15: style.scss - `partials/home-page/_home-hero` file not found for @import: style.scss on line 9, at column 1
04/30/24 7:58:20: style.scss - `partials/about-page/about-site` file not found for @import: style.scss on line 12, at column 1
04/30/24 7:58:43: style.scss - `partials/about-page/about-site` file not found for @import: style.scss on line 12, at column 1
04/30/24 8:00:21: style.scss - `partials/about-page/about-site` file not found for @import: style.scss on line 12, at column 1
04/30/24 8:00:44: style.scss - `partials/about-page/about-site` file not found for @import: style.scss on line 12, at column 1
04/30/24 8:02:21: style.scss - `partials/about-page/about-site` file not found for @import: style.scss on line 14, at column 1
04/30/24 8:02:45: style.scss - `partials/about-page/about-site` file not found for @import: style.scss on line 14, at column 1
05/01/24 8:39:06: style.scss - parse error: failed at `background: ;` C:\xampp\htdocs\DiligentWebsite\wp-content\themes\diligent_technologies\assets\scss\partials/home-page/_home-hero.scss on line 4, at column 5
